[29/Dec/2015 14:49:50] "GET /home/detail/python/ HTTP/1.1" 200 4330
Not Found: /home/detail/python
[29/Dec/2015 14:49:50] "GET /home/detail/python HTTP/1.1" 301 0
[29/Dec/2015 14:49:50] "GET /home/detail/python/ HTTP/1.1" 200 4330
[29/Dec/2015 14:49:55] "GET /home/demand_all/python/ HTTP/1.1" 200 14721
Not Found: /home/demand_all/python
[29/Dec/2015 14:49:55] "GET /home/demand_all/python HTTP/1.1" 301 0
[29/Dec/2015 14:49:55] "GET /home/demand_all/python/ HTTP/1.1" 200 14721
[29/Dec/2015 14:49:56] "GET /static/js/echarts/echarts.js HTTP/1.1" 200 363230
[29/Dec/2015 14:50:05] "GET /home/detail/python/ HTTP/1.1" 200 4330
[29/Dec/2015 14:50:16] "GET /home/demand_all/python/ HTTP/1.1" 200 14721
Performing system checks...

System check identified no issues (0 silenced).

You have unapplied migrations; your app may not work properly until they are applied.
Run 'python manage.py migrate' to apply them.
December 29, 2015 - 14:49:32
Django version 1.9, using settings 'web.settings'
Starting development server at http://0.0.0.0:8000/
Quit the server with CONTROL-C.
Not Found: /home
[30/Dec/2015 03:20:33] "GET /home HTTP/1.1" 301 0
[30/Dec/2015 03:20:33] "GET /home/ HTTP/1.1" 200 154
Not Found: /favicon.ico
[30/Dec/2015 03:20:33] "GET /favicon.ico HTTP/1.1" 404 2289
Not Found: /home/detail/python
[30/Dec/2015 03:20:39] "GET /home/detail/python HTTP/1.1" 301 0
[30/Dec/2015 03:20:39] "GET /home/detail/python/ HTTP/1.1" 200 4356
[30/Dec/2015 03:20:40] "GET /static/js/echarts/echarts.js HTTP/1.1" 200 363230
[30/Dec/2015 03:20:42] "GET /static/js/echarts/chart/line.js HTTP/1.1" 200 12928
[30/Dec/2015 03:20:42] "GET /static/js/echarts/chart/bar.js HTTP/1.1" 200 9993
Not Found: /home/demand_all/python
[30/Dec/2015 03:20:45] "GET /home/demand_all/python HTTP/1.1" 301 0
[30/Dec/2015 03:20:45] "GET /home/demand_all/python/ HTTP/1.1" 200 14907
[30/Dec/2015 03:20:45] "GET /static/js/echarts/chart/pie.js HTTP/1.1" 200 12159
[30/Dec/2015 03:20:47] "GET /static/js/echarts/chart/map.js HTTP/1.1" 200 452052
[30/Dec/2015 03:20:55] "GET /home/detail/python/ HTTP/1.1" 200 4356
[30/Dec/2015 03:20:56] "GET /home/demand_all/python/ HTTP/1.1" 200 14907
[30/Dec/2015 03:21:03] "GET /home/detail/python/ HTTP/1.1" 200 4356
[30/Dec/2015 03:21:06] "GET /home/demand_all/python/ HTTP/1.1" 200 14907
Not Found: /home
[30/Dec/2015 03:21:31] "GET /home HTTP/1.1" 301 0
Not Found: /home
[30/Dec/2015 03:21:31] "GET /home HTTP/1.1" 301 0
[30/Dec/2015 03:21:31] "GET /home/ HTTP/1.0" 200 154
[30/Dec/2015 03:21:31] "GET /home/ HTTP/1.1" 200 154
Not Found: /home/detail/python
[30/Dec/2015 03:21:32] "GET /home/detail/python HTTP/1.1" 301 0
[30/Dec/2015 03:21:32] "GET /home/detail/python/ HTTP/1.1" 200 4356
Not Found: /home/demand_all/python
[30/Dec/2015 03:21:32] "GET /home/demand_all/python HTTP/1.1" 301 0
[30/Dec/2015 03:21:33] "GET /home/demand_all/python/ HTTP/1.1" 200 14907
Not Found: /home
[30/Dec/2015 03:21:33] "GET /home HTTP/1.1" 301 0
[30/Dec/2015 03:21:33] "GET /static/js/echarts/echarts.js HTTP/1.1" 200 363230
[30/Dec/2015 03:21:34] "GET /home/ HTTP/1.1" 200 154
[30/Dec/2015 03:21:35] "GET /home/ HTTP/1.1" 200 154
[30/Dec/2015 03:21:37] "GET /home/detail/python/ HTTP/1.1" 200 4356
[30/Dec/2015 03:21:43] "GET /home/demand_all/python/ HTTP/1.1" 200 14907
Not Found: /favicon.ico
[30/Dec/2015 03:21:59] "GET /favicon.ico HTTP/1.1" 404 2289
[30/Dec/2015 03:21:59] "GET /home/ HTTP/1.1" 200 154
Not Found: /
[30/Dec/2015 03:21:59] "GET / HTTP/1.1" 404 2256
Not Found: /home/detail/python
[30/Dec/2015 03:22:08] "GET /home/detail/python HTTP/1.1" 301 0
[30/Dec/2015 03:22:09] "GET /home/detail/python/ HTTP/1.1" 200 4356
[30/Dec/2015 03:22:09] "GET /static/js/echarts/echarts.js HTTP/1.1" 200 363230
Not Found: /home/detail/python
[30/Dec/2015 03:22:10] "GET /home/detail/python HTTP/1.1" 301 0
Not Found: /home/detail/python
[30/Dec/2015 03:22:10] "GET /home/detail/python HTTP/1.1" 301 0
[30/Dec/2015 03:22:11] "GET /home/detail/python/ HTTP/1.1" 200 4356
[30/Dec/2015 03:22:11] "GET /home/detail/python/ HTTP/1.1" 200 4356
[30/Dec/2015 03:22:12] "GET /static/js/echarts/chart/line.js HTTP/1.1" 200 12928
[30/Dec/2015 03:22:12] "GET /static/js/echarts/chart/bar.js HTTP/1.1" 200 9993
[30/Dec/2015 03:23:06] "GET /home/detail/python/ HTTP/1.1" 200 4356
[30/Dec/2015 03:23:33] "GET /home/detail/python/ HTTP/1.1" 200 4356
[30/Dec/2015 03:23:35] "GET /home/demand_all/python/ HTTP/1.1" 200 14907
[30/Dec/2015 03:23:42] "GET /home/demand_all/python/ HTTP/1.1" 200 14907
[30/Dec/2015 03:24:18] "GET /home/detail/python/ HTTP/1.1" 200 4356
[30/Dec/2015 03:24:26] "GET /home/demand_all/python/ HTTP/1.1" 200 14907
[30/Dec/2015 03:26:47] "GET /home/detail/python/ HTTP/1.1" 200 4356
[30/Dec/2015 03:26:48] "GET /home/demand_all/python/ HTTP/1.1" 200 14907
Not Found: /home/demand_all/python
[30/Dec/2015 03:28:28] "GET /home/demand_all/python HTTP/1.1" 301 0
[30/Dec/2015 03:28:28] "GET /home/demand_all/python/ HTTP/1.1" 200 14907
[30/Dec/2015 03:28:29] "GET /static/js/echarts/echarts.js HTTP/1.1" 200 363230
[30/Dec/2015 03:29:02] "GET /home/detail/python/ HTTP/1.1" 200 4356
[30/Dec/2015 03:30:45] "GET /home/ HTTP/1.1" 200 154
Not Found: /favicon.ico
[30/Dec/2015 03:30:48] "GET /favicon.ico HTTP/1.1" 404 2289
Not Found: /home/detail/python
[30/Dec/2015 03:30:49] "GET /home/detail/python HTTP/1.1" 301 0
[30/Dec/2015 03:30:50] "GET /home/detail/python/ HTTP/1.1" 200 4356
[30/Dec/2015 03:30:50] "GET /static/js/echarts/echarts.js HTTP/1.1" 200 363230
Not Found: /home/detail/python
[30/Dec/2015 03:30:51] "GET /home/detail/python HTTP/1.1" 301 0
[30/Dec/2015 03:30:52] "GET /home/detail/python/ HTTP/1.1" 200 4356
[30/Dec/2015 03:30:53] "GET /static/js/echarts/chart/line.js HTTP/1.1" 200 12928
[30/Dec/2015 03:30:53] "GET /static/js/echarts/chart/bar.js HTTP/1.1" 200 9993
Not Found: /
[30/Dec/2015 03:31:19] "GET / HTTP/1.1" 404 2256
Not Found: /admin
[30/Dec/2015 03:31:24] "GET /admin HTTP/1.1" 301 0
[30/Dec/2015 03:31:24] "GET /admin/ HTTP/1.1" 302 0
[30/Dec/2015 03:31:25] "GET /admin/login/?next=/admin/ HTTP/1.1" 200 1679
[30/Dec/2015 03:31:25] "GET /static/admin/css/login.css HTTP/1.1" 200 1203
[30/Dec/2015 03:31:25] "GET /static/admin/css/base.css HTTP/1.1" 200 15897
[30/Dec/2015 03:31:25] "GET /static/admin/css/fonts.css HTTP/1.1" 200 423
[30/Dec/2015 03:31:26] "GET /static/admin/fonts/Roboto-Light-webfont.woff HTTP/1.1" 200 81348
[30/Dec/2015 03:31:26] "GET /static/admin/fonts/Roboto-Regular-webfont.woff HTTP/1.1" 200 80304
[30/Dec/2015 03:31:57] "GET /home/ HTTP/1.1" 200 154
[30/Dec/2015 03:31:59] "GET /home/detail/python/ HTTP/1.1" 200 4356
[30/Dec/2015 03:32:02] "GET /home/demand_all/python/ HTTP/1.1" 200 14907
[30/Dec/2015 03:33:35] "GET /admin/ HTTP/1.1" 302 0
[30/Dec/2015 03:33:35] "GET /admin/login/?next=/admin/ HTTP/1.1" 200 1679
[30/Dec/2015 03:33:35] "GET /static/admin/css/base.css HTTP/1.1" 200 15897
[30/Dec/2015 03:33:35] "GET /static/admin/css/login.css HTTP/1.1" 200 1203
[30/Dec/2015 03:33:35] "GET /static/admin/css/fonts.css HTTP/1.1" 200 423
[30/Dec/2015 03:33:36] "GET /static/admin/fonts/Roboto-Light-webfont.woff HTTP/1.1" 200 81348
[30/Dec/2015 03:33:36] "GET /static/admin/fonts/Roboto-Regular-webfont.woff HTTP/1.1" 200 80304
[30/Dec/2015 03:33:43] "POST /admin/login/?next=/admin/ HTTP/1.1" 302 0
[30/Dec/2015 03:33:43] "GET /admin/ HTTP/1.1" 200 2781
[30/Dec/2015 03:33:44] "GET /static/admin/css/dashboard.css HTTP/1.1" 200 434
[30/Dec/2015 03:33:44] "GET /static/admin/img/icon-addlink.svg HTTP/1.1" 200 331
[30/Dec/2015 03:33:44] "GET /static/admin/img/icon-changelink.svg HTTP/1.1" 200 380
[30/Dec/2015 03:33:44] "GET /static/admin/fonts/Roboto-Bold-webfont.woff HTTP/1.1" 200 82564
[30/Dec/2015 03:34:10] "GET /home/ HTTP/1.1" 200 154
Not Found: /home/detail/python
[30/Dec/2015 03:34:43] "GET /home/detail/python HTTP/1.1" 301 0
[30/Dec/2015 03:34:43] "GET /home/detail/python/ HTTP/1.1" 200 4356
Not Found: /home
[30/Dec/2015 03:34:47] "GET /home HTTP/1.1" 301 0
[30/Dec/2015 03:34:47] "GET /home/ HTTP/1.1" 200 154
Not Found: /home/detail/python
[30/Dec/2015 03:35:01] "GET /home/detail/python HTTP/1.1" 301 0
[30/Dec/2015 03:35:02] "GET /home/detail/python/ HTTP/1.1" 200 4356
Not Found: /home/demand_all/python
[30/Dec/2015 03:35:14] "GET /home/demand_all/python HTTP/1.1" 301 0
[30/Dec/2015 03:35:14] "GET /home/demand_all/python/ HTTP/1.1" 200 14907
[30/Dec/2015 03:35:14] "GET /static/js/echarts/chart/pie.js HTTP/1.1" 200 12159
Not Found: /home/demand_all/python
[30/Dec/2015 03:35:23] "GET /home/demand_all/python HTTP/1.1" 301 0
[30/Dec/2015 03:35:23] "GET /home/demand_all/python/ HTTP/1.1" 200 14907
[30/Dec/2015 03:35:24] "GET /static/js/echarts/chart/map.js HTTP/1.1" 200 452052
[30/Dec/2015 03:36:15] "GET /home/demand_all/python/ HTTP/1.1" 200 14907
[30/Dec/2015 03:36:16] "GET /static/js/echarts/chart/map.js HTTP/1.1" 200 452052
[30/Dec/2015 03:36:41] "GET /home/demand_all/python/ HTTP/1.1" 200 14907
[30/Dec/2015 03:36:42] "GET /static/js/echarts/echarts.js HTTP/1.1" 200 363230
[30/Dec/2015 03:36:42] "GET /home/demand_all/python/ HTTP/1.1" 200 14907
[30/Dec/2015 03:36:46] "GET /static/js/echarts/echarts.js HTTP/1.1" 200 363230
[30/Dec/2015 03:36:48] "GET /static/js/echarts/chart/pie.js HTTP/1.1" 200 12159
[30/Dec/2015 03:36:49] "GET /static/js/echarts/chart/map.js HTTP/1.1" 200 452052
[30/Dec/2015 03:37:11] "GET /home/detail/python/ HTTP/1.1" 200 4356
[30/Dec/2015 03:37:12] "GET /static/js/echarts/echarts.js HTTP/1.1" 200 363230
[30/Dec/2015 03:37:14] "GET /static/js/echarts/chart/line.js HTTP/1.1" 200 12928
[30/Dec/2015 03:37:24] "GET /home/detail/python/ HTTP/1.1" 200 4356
[30/Dec/2015 03:37:26] "GET /home/demand_all/python/ HTTP/1.1" 200 14907
[30/Dec/2015 03:37:26] "GET /static/js/echarts/chart/bar.js HTTP/1.1" 200 9993
[30/Dec/2015 03:38:02] "GET /home/demand_all/python/ HTTP/1.1" 200 14907
[30/Dec/2015 03:39:29] "GET /home/demand_all/python/ HTTP/1.1" 200 14907
[30/Dec/2015 03:39:43] "GET /home/demand_all/python/ HTTP/1.1" 200 14907
[30/Dec/2015 03:45:07] "GET /home/detail/python/ HTTP/1.1" 200 4356
[30/Dec/2015 03:45:11] "GET /home/demand_all/python/ HTTP/1.1" 200 14907
[30/Dec/2015 03:45:50] "GET /home/ HTTP/1.1" 200 154
[30/Dec/2015 03:45:53] "GET /home/detail/python/ HTTP/1.1" 200 4356
[30/Dec/2015 03:45:55] "GET /home/demand_all/python/ HTTP/1.1" 200 14907
[30/Dec/2015 04:22:29] "GET /home/detail/python/ HTTP/1.1" 200 4356
[30/Dec/2015 04:22:31] "GET /home/demand_all/python/ HTTP/1.1" 200 14907
Not Found: /http:/zc.qq.com/cgi-bin/common/attr
[30/Dec/2015 04:30:45] "GET http://zc.qq.com/cgi-bin/common/attr?id=260714&r=0.4189600471441618 HTTP/1.1" 404 1736
[30/Dec/2015 04:55:59] "GET /home/detail/python/ HTTP/1.1" 200 4356
[30/Dec/2015 04:56:03] "GET /home/demand_all/python/ HTTP/1.1" 200 14907
Not Found: /http:/zc.qq.com/cgi-bin/common/attr
[30/Dec/2015 05:48:26] "GET http://zc.qq.com/cgi-bin/common/attr?id=260714&r=0.0620340869826549 HTTP/1.1" 404 1736
[30/Dec/2015 05:53:39] "GET /home/detail/python/ HTTP/1.1" 200 4356
Not Found: /http:/zc.qq.com/cgi-bin/common/attr
[30/Dec/2015 07:06:33] "GET http://zc.qq.com/cgi-bin/common/attr?id=260714&r=0.1159076676149697 HTTP/1.1" 404 1736
Not Found: /http:/a.chinafushou.com/R.asp
[30/Dec/2015 07:27:28] "GET http://a.chinafushou.com/R.asp?P=114.215.93.116:8090 HTTP/1.1" 404 1713
Not Found: /http:/a.chinafushou.com/R.asp
[30/Dec/2015 07:27:37] "GET http://a.chinafushou.com/R.asp?P=114.215.93.116:8090 HTTP/1.0" 404 1713
Not Found: /http:/a.chinafushou.com/R.asp
[30/Dec/2015 07:27:45] "GET http://a.chinafushou.com/R.asp?P=114.215.93.116:8090 HTTP/1.1" 404 1713
Not Found: /http:/a.chinafushou.com/R.asp
[30/Dec/2015 07:27:56] "GET http://a.chinafushou.com/R.asp?P=114.215.93.116:8090 HTTP/1.0" 404 1713
Not Found: /http:/a.chinafushou.com/R.asp
[30/Dec/2015 07:28:01] "GET http://a.chinafushou.com/R.asp?P=114.215.93.116:8090 HTTP/1.0" 404 1713
Not Found: /
[30/Dec/2015 07:43:52] "GET / HTTP/1.1" 404 2256
Not Found: /http:/zc.qq.com/cgi-bin/common/attr
[30/Dec/2015 08:24:24] "GET http://zc.qq.com/cgi-bin/common/attr?id=260714&r=0.9999350634229950 HTTP/1.1" 404 1736
Not Found: /http:/zc.qq.com/cgi-bin/common/attr
[30/Dec/2015 09:42:23] "GET http://zc.qq.com/cgi-bin/common/attr?id=260714&r=0.2741970852828822 HTTP/1.1" 404 1736
[30/Dec/2015 09:52:16] "GET /home/detail/python/ HTTP/1.1" 200 4356
[30/Dec/2015 09:52:16] "GET /static/js/echarts/echarts.js HTTP/1.1" 304 0
[30/Dec/2015 09:52:17] "GET /static/js/echarts/chart/line.js HTTP/1.1" 304 0
[30/Dec/2015 09:52:17] "GET /static/js/echarts/chart/bar.js HTTP/1.1" 304 0
[30/Dec/2015 09:52:18] "GET /home/demand_all/python/ HTTP/1.1" 200 14907
[30/Dec/2015 09:52:18] "GET /static/js/echarts/chart/pie.js HTTP/1.1" 304 0
[30/Dec/2015 09:52:18] "GET /static/js/echarts/chart/map.js HTTP/1.1" 304 0
Not Found: /http:/wap.ip138.com/
[30/Dec/2015 09:59:11] "GET http://wap.ip138.com/ HTTP/1.1" 404 1660
[30/Dec/2015 10:36:18] "GET /home/detail/python/ HTTP/1.1" 200 4356
[30/Dec/2015 10:36:21] "GET /home/demand_all/python/ HTTP/1.1" 200 14907
Not Found: /http:/www.baidu.com/
[30/Dec/2015 10:54:30] "GET http://www.baidu.com/ HTTP/1.1" 404 1660
Not Found: /http:/zc.qq.com/cgi-bin/common/attr
[30/Dec/2015 11:00:12] "GET http://zc.qq.com/cgi-bin/common/attr?id=260714&r=0.1304290781808701 HTTP/1.1" 404 1736
Not Found: /http:/zc.qq.com/cgi-bin/common/attr
[30/Dec/2015 12:18:07] "GET http://zc.qq.com/cgi-bin/common/attr?id=260714&r=0.6664332402440836 HTTP/1.1" 404 1736
[30/Dec/2015 12:51:42] "GET /home/ HTTP/1.1" 200 154
Not Found: /favicon.ico
[30/Dec/2015 12:51:43] "GET /favicon.ico HTTP/1.1" 404 2289
[30/Dec/2015 12:51:46] "GET /home/detail/python/ HTTP/1.1" 200 4356
[30/Dec/2015 12:51:46] "GET /static/js/echarts/echarts.js HTTP/1.1" 304 0
[30/Dec/2015 12:51:46] "GET /static/js/echarts/chart/line.js HTTP/1.1" 304 0
[30/Dec/2015 12:51:46] "GET /static/js/echarts/chart/bar.js HTTP/1.1" 304 0
[30/Dec/2015 12:52:00] "GET /home/demand_all/python/ HTTP/1.1" 200 14907
[30/Dec/2015 12:52:00] "GET /static/js/echarts/chart/map.js HTTP/1.1" 304 0
[30/Dec/2015 12:52:00] "GET /static/js/echarts/chart/pie.js HTTP/1.1" 304 0
[30/Dec/2015 12:53:14] "GET /home/detail/python/ HTTP/1.1" 200 4356
[30/Dec/2015 12:53:19] "GET /home/demand_all/python/ HTTP/1.1" 200 14907
[30/Dec/2015 12:54:49] "GET /home/detail/python/ HTTP/1.1" 200 4356
[30/Dec/2015 12:54:52] "GET /home/demand_all/python/ HTTP/1.1" 200 14907
[30/Dec/2015 12:56:08] "GET /home/ HTTP/1.1" 200 154
[30/Dec/2015 12:56:11] "GET /home/detail/python/ HTTP/1.1" 200 4356
[30/Dec/2015 12:56:27] "GET /home/demand_all/python/ HTTP/1.1" 200 14907
[30/Dec/2015 12:56:58] "GET /home/detail/python/ HTTP/1.1" 200 4356
Not Found: /http:/www.baidu.com/
[30/Dec/2015 12:57:29] "GET http://www.baidu.com/ HTTP/1.1" 404 1660
[30/Dec/2015 12:58:41] "GET /home/detail/python/ HTTP/1.1" 200 4356
[30/Dec/2015 12:58:52] "GET /home/demand_all/python/ HTTP/1.1" 200 14907
Not Found: /http:/zc.qq.com/cgi-bin/common/attr
[30/Dec/2015 13:36:02] "GET http://zc.qq.com/cgi-bin/common/attr?id=260714&r=0.9974355076822121 HTTP/1.1" 404 1736
[30/Dec/2015 13:47:31] "GET /home/ HTTP/1.1" 200 184
Not Found: /home/detail/php
[30/Dec/2015 13:47:34] "GET /home/detail/php HTTP/1.1" 301 0
[30/Dec/2015 13:47:34] "GET /home/detail/php/ HTTP/1.1" 200 4347
Not Found: /home/demand_all/php
[30/Dec/2015 13:47:54] "GET /home/demand_all/php HTTP/1.1" 301 0
Not Found: /home/demand_all/php
[30/Dec/2015 13:47:54] "GET /home/demand_all/php HTTP/1.1" 301 0
[30/Dec/2015 13:47:54] "GET /home/demand_all/php/ HTTP/1.1" 200 14901
[30/Dec/2015 13:47:55] "GET /home/demand_all/php/ HTTP/1.1" 200 14901
[30/Dec/2015 13:51:24] "GET /static/js/echarts/echarts.js HTTP/1.1" 200 363230
[30/Dec/2015 13:54:11] "GET /home/detail/python/ HTTP/1.1" 200 4356
[30/Dec/2015 13:54:15] "GET /home/demand_all/python/ HTTP/1.1" 200 14907
Not Found: /http:/a.chinafushou.com/R.asp
[30/Dec/2015 14:09:33] "GET http://a.chinafushou.com/R.asp?P=114.215.93.116:8090 HTTP/1.1" 404 1713
Not Found: /http:/a.chinafushou.com/R.asp
[30/Dec/2015 14:09:36] "GET http://a.chinafushou.com/R.asp?P=114.215.93.116:8090 HTTP/1.0" 404 1713
Not Found: /http:/a.chinafushou.com/R.asp
[30/Dec/2015 14:09:44] "GET http://a.chinafushou.com/R.asp?P=114.215.93.116:8090 HTTP/1.1" 404 1713
Not Found: /http:/a.chinafushou.com/R.asp
[30/Dec/2015 14:09:48] "GET http://a.chinafushou.com/R.asp?P=114.215.93.116:8090 HTTP/1.1" 404 1713
Not Found: /http:/a.chinafushou.com/R.asp
[30/Dec/2015 14:09:49] "GET http://a.chinafushou.com/R.asp?P=114.215.93.116:8090 HTTP/1.1" 404 1713
[30/Dec/2015 14:29:12] "GET /home/detail/python/ HTTP/1.1" 200 4356
[30/Dec/2015 14:30:07] "GET /home/ HTTP/1.1" 200 184
Not Found: /favicon.ico
[30/Dec/2015 14:30:07] "GET /favicon.ico HTTP/1.1" 404 2288
Not Found: /home/detail/python
[30/Dec/2015 14:30:12] "GET /home/detail/python HTTP/1.1" 301 0
[30/Dec/2015 14:30:12] "GET /home/detail/python/ HTTP/1.1" 200 4356
[30/Dec/2015 14:30:13] "GET /static/js/echarts/echarts.js HTTP/1.1" 200 363230
[30/Dec/2015 14:30:15] "GET /static/js/echarts/chart/line.js HTTP/1.1" 200 12928
[30/Dec/2015 14:30:15] "GET /static/js/echarts/chart/bar.js HTTP/1.1" 200 9993
Not Found: /home/demand_all/python
[30/Dec/2015 14:30:19] "GET /home/demand_all/python HTTP/1.1" 301 0
[30/Dec/2015 14:30:20] "GET /home/demand_all/python/ HTTP/1.1" 200 14907
[30/Dec/2015 14:30:20] "GET /static/js/echarts/chart/pie.js HTTP/1.1" 200 12159
[30/Dec/2015 14:30:21] "GET /static/js/echarts/chart/map.js HTTP/1.1" 200 452052
Not Found: /home/detail/php
[30/Dec/2015 14:30:33] "GET /home/detail/php HTTP/1.1" 301 0
[30/Dec/2015 14:30:33] "GET /home/detail/php/ HTTP/1.1" 200 4347
Not Found: /http:/zc.qq.com/cgi-bin/common/attr
[30/Dec/2015 14:53:55] "GET http://zc.qq.com/cgi-bin/common/attr?id=260714&r=0.1580892715447725 HTTP/1.1" 404 1736
Not Found: /http:/www.sogou.com/index.html
[30/Dec/2015 15:07:47] "GET http://www.sogou.com/index.html HTTP/1.1" 404 1690
Not Found: /www.baidu.com:443
[30/Dec/2015 15:07:48] "CONNECT www.baidu.com:443 HTTP/1.1" 404 1657
Not Found: /
[30/Dec/2015 15:39:13] "GET / HTTP/1.1" 404 2256
Not Found: /
[30/Dec/2015 15:49:33] "GET / HTTP/1.1" 404 2256
Not Found: /http:/zc.qq.com/cgi-bin/common/attr
[30/Dec/2015 16:11:37] "GET http://zc.qq.com/cgi-bin/common/attr?id=260714&r=0.1860337318839995 HTTP/1.1" 404 1736
Not Found: /http:/zc.qq.com/cgi-bin/common/attr
[30/Dec/2015 17:29:23] "GET http://zc.qq.com/cgi-bin/common/attr?id=260714&r=0.9043691229065245 HTTP/1.1" 404 1736
Not Found: /http:/zc.qq.com/cgi-bin/common/attr
[30/Dec/2015 18:47:05] "GET http://zc.qq.com/cgi-bin/common/attr?id=260714&r=0.2295379995165196 HTTP/1.1" 404 1736
Not Found: /http:/zc.qq.com/cgi-bin/common/attr
[30/Dec/2015 20:04:54] "GET http://zc.qq.com/cgi-bin/common/attr?id=260714&r=0.0777991797667176 HTTP/1.1" 404 1736
Not Found: /http:/a.chinafushou.com/R.asp
[30/Dec/2015 20:47:52] "GET http://a.chinafushou.com/R.asp?P=114.215.93.116:8090 HTTP/1.1" 404 1713
Not Found: /http:/a.chinafushou.com/R.asp
[30/Dec/2015 20:47:54] "GET http://a.chinafushou.com/R.asp?P=114.215.93.116:8090 HTTP/1.0" 404 1713
Not Found: /http:/a.chinafushou.com/R.asp
[30/Dec/2015 20:48:03] "GET http://a.chinafushou.com/R.asp?P=114.215.93.116:8090 HTTP/1.0" 404 1713
Not Found: /http:/a.chinafushou.com/R.asp
[30/Dec/2015 20:48:08] "GET http://a.chinafushou.com/R.asp?P=114.215.93.116:8090 HTTP/1.0" 404 1713
Not Found: /http:/a.chinafushou.com/R.asp
[30/Dec/2015 20:48:20] "GET http://a.chinafushou.com/R.asp?P=114.215.93.116:8090 HTTP/1.0" 404 1713
Not Found: /http:/www.baidu.com/
[30/Dec/2015 20:51:44] "GET http://www.baidu.com/ HTTP/1.1" 404 1660
Not Found: /www.baidu.com:443
[30/Dec/2015 20:51:44] "CONNECT www.baidu.com:443 HTTP/1.1" 404 1657
Not Found: /http:/zc.qq.com/cgi-bin/common/attr
[30/Dec/2015 21:22:50] "GET http://zc.qq.com/cgi-bin/common/attr?id=260714&r=0.9664939108057217 HTTP/1.1" 404 1736
Not Found: /http:/www.baidu.com/
[30/Dec/2015 23:39:58] "GET http://www.baidu.com/ HTTP/1.1" 404 1660
Not Found: /http:/www.baidu.com/
[30/Dec/2015 23:39:59] "GET http://www.baidu.com/ HTTP/1.1" 404 1660
Not Found: /http:/zc.qq.com/cgi-bin/common/attr
[30/Dec/2015 23:58:52] "GET http://zc.qq.com/cgi-bin/common/attr?id=260714&r=0.0300510364496329 HTTP/1.1" 404 1736
Not Found: /http:/zc.qq.com/cgi-bin/common/attr
[31/Dec/2015 01:16:48] "GET http://zc.qq.com/cgi-bin/common/attr?id=260714&r=0.7232881507201886 HTTP/1.1" 404 1736
Not Found: /http:/www.baidu.com/
[31/Dec/2015 01:37:01] "GET http://www.baidu.com/ HTTP/1.1" 404 1660
Not Found: /http:/zc.qq.com/cgi-bin/common/attr
[31/Dec/2015 02:34:53] "GET http://zc.qq.com/cgi-bin/common/attr?id=260714&r=0.0795712865786404 HTTP/1.1" 404 1736
Performing system checks...

System check identified no issues (0 silenced).

You have unapplied migrations; your app may not work properly until they are applied.
Run 'python manage.py migrate' to apply them.
December 30, 2015 - 03:20:03
Django version 1.9, using settings 'web.settings'
Starting development server at http://0.0.0.0:8090/
Quit the server with CONTROL-C.
Performing system checks...

System check identified no issues (0 silenced).

You have unapplied migrations; your app may not work properly until they are applied.
Run 'python manage.py migrate' to apply them.
December 30, 2015 - 12:51:11
Django version 1.9, using settings 'web.settings'
Starting development server at http://0.0.0.0:8000/
Quit the server with CONTROL-C.
Not Found: /http:/a.chinafushou.com/R.asp
[31/Dec/2015 03:27:34] "GET http://a.chinafushou.com/R.asp?P=114.215.93.116:8090 HTTP/1.1" 404 1713
Not Found: /http:/a.chinafushou.com/R.asp
[31/Dec/2015 03:27:49] "GET http://a.chinafushou.com/R.asp?P=114.215.93.116:8090 HTTP/1.0" 404 1713
Error: That port is already in use.
Not Found: /home
[31/Dec/2015 03:38:11] "GET /home HTTP/1.1" 301 0
[31/Dec/2015 03:38:11] "GET /home/ HTTP/1.1" 200 290
Not Found: /favicon.ico
[31/Dec/2015 03:38:11] "GET /favicon.ico HTTP/1.1" 404 2289
Not Found: /home/detail/python
[31/Dec/2015 03:38:16] "GET /home/detail/python HTTP/1.1" 301 0
[31/Dec/2015 03:38:17] "GET /home/detail/python/ HTTP/1.1" 200 4356
[31/Dec/2015 03:38:17] "GET /static/js/echarts/echarts.js HTTP/1.1" 304 0
[31/Dec/2015 03:38:17] "GET /static/js/echarts/chart/line.js HTTP/1.1" 304 0
[31/Dec/2015 03:38:17] "GET /static/js/echarts/chart/bar.js HTTP/1.1" 304 0
Not Found: /home/detail/php
[31/Dec/2015 03:39:24] "GET /home/detail/php HTTP/1.1" 301 0
[31/Dec/2015 03:39:24] "GET /home/detail/php/ HTTP/1.1" 200 4358
Not Found: /home/demand_all/php
[31/Dec/2015 03:39:28] "GET /home/demand_all/php HTTP/1.1" 301 0
[31/Dec/2015 03:39:28] "GET /home/demand_all/php/ HTTP/1.1" 200 16835
[31/Dec/2015 03:39:28] "GET /static/js/echarts/chart/pie.js HTTP/1.1" 304 0
[31/Dec/2015 03:39:28] "GET /static/js/echarts/chart/map.js HTTP/1.1" 304 0
[31/Dec/2015 03:41:24] "GET /home/ HTTP/1.1" 200 290
[31/Dec/2015 03:41:25] "GET /home/detail/php/ HTTP/1.1" 200 4358
[31/Dec/2015 03:41:27] "GET /home/detail/php/ HTTP/1.1" 200 4358
